<?xml version="1.0" encoding="UTF-8"?>
<!-- Generated by org.testng.reporters.JUnitReportReporter -->
<testsuite hostname="CAGTAM1054862" name="automationConcepts.VerificationsUsingTestNG" tests="1" failures="0" timestamp="9 Apr 2018 00:10:08 GMT" time="19.800" errors="0">
  <testcase name="emiCalc" time="19.800" classname="automationConcepts.VerificationsUsingTestNG"/>
</testsuite> <!-- automationConcepts.VerificationsUsingTestNG -->
